[2016-07-26 11:41:55.334] [INFO] dateFileLog - ::1 - - "GET /dist/view/login.html HTTP/1.1" 404 33 "" "Mozilla/5.0 (Windows NT 6.1; WOW64) AppleWebKit/537.36 (KHTML, like Gecko) Chrome/49.0.2623.87 Safari/537.36"
[2016-07-26 14:24:27.309] [INFO] dateFileLog - ::1 - - "GET /favicon.ico HTTP/1.1" 404 24 "http://localhost:8089/dist/view/" "Mozilla/5.0 (Windows NT 6.1; WOW64) AppleWebKit/537.36 (KHTML, like Gecko) Chrome/49.0.2623.87 Safari/537.36"
[2016-07-26 14:27:25.052] [INFO] dateFileLog - ::1 - - "GET /dist/css/public.css HTTP/1.1" 404 32 "http://localhost:8089/dist/view/account/register.html" "Mozilla/5.0 (Windows NT 6.1; WOW64) AppleWebKit/537.36 (KHTML, like Gecko) Chrome/49.0.2623.87 Safari/537.36"
[2016-07-26 14:27:25.054] [INFO] dateFileLog - ::1 - - "GET /dist/css/account.css HTTP/1.1" 404 33 "http://localhost:8089/dist/view/account/register.html" "Mozilla/5.0 (Windows NT 6.1; WOW64) AppleWebKit/537.36 (KHTML, like Gecko) Chrome/49.0.2623.87 Safari/537.36"
[2016-07-26 14:27:25.054] [INFO] dateFileLog - ::1 - - "GET /dist/js/require.js HTTP/1.1" 404 31 "http://localhost:8089/dist/view/account/register.html" "Mozilla/5.0 (Windows NT 6.1; WOW64) AppleWebKit/537.36 (KHTML, like Gecko) Chrome/49.0.2623.87 Safari/537.36"
[2016-07-26 14:27:25.055] [INFO] dateFileLog - ::1 - - "GET /dist/js/require.config.js HTTP/1.1" 404 38 "http://localhost:8089/dist/view/account/register.html" "Mozilla/5.0 (Windows NT 6.1; WOW64) AppleWebKit/537.36 (KHTML, like Gecko) Chrome/49.0.2623.87 Safari/537.36"
[2016-07-26 14:31:35.134] [INFO] dateFileLog - ::1 - - "GET /dist/0ea58566a443dc81149d.hot-update.json HTTP/1.1" 404 54 "http://localhost:8089/dist/view/account/login.html?username=&password=" "Mozilla/5.0 (Windows NT 6.1; WOW64) AppleWebKit/537.36 (KHTML, like Gecko) Chrome/49.0.2623.87 Safari/537.36"
[2016-07-26 14:33:18.140] [INFO] dateFileLog - ::1 - - "GET /dist/0462f721f5e0f315e1ef.hot-update.json HTTP/1.1" 404 54 "http://localhost:8089/dist/view/account/login.html?username=&password=" "Mozilla/5.0 (Windows NT 6.1; WOW64) AppleWebKit/537.36 (KHTML, like Gecko) Chrome/49.0.2623.87 Safari/537.36"
[2016-07-26 14:46:31.608] [INFO] dateFileLog - ::1 - - "GET /ssoService/rasKey HTTP/1.1" 200 379 "http://localhost:8089/dist/view/account/login.html?username=&password=" "Mozilla/5.0 (Windows NT 6.1; WOW64) AppleWebKit/537.36 (KHTML, like Gecko) Chrome/49.0.2623.87 Safari/537.36"
[2016-07-26 14:46:31.677] [INFO] dateFileLog - ::1 - - "POST /ssoService/b2bLogin HTTP/1.1" 200 84 "http://localhost:8089/dist/view/account/login.html?username=&password=" "Mozilla/5.0 (Windows NT 6.1; WOW64) AppleWebKit/537.36 (KHTML, like Gecko) Chrome/49.0.2623.87 Safari/537.36"
[2016-07-26 14:55:23.103] [INFO] dateFileLog - ::1 - - "GET /ssoService/rasKey HTTP/1.1" 200 379 "http://localhost:8089/dist/view/account/login.html?username=&password=" "Mozilla/5.0 (Windows NT 6.1; WOW64) AppleWebKit/537.36 (KHTML, like Gecko) Chrome/49.0.2623.87 Safari/537.36"
[2016-07-26 14:55:23.169] [INFO] dateFileLog - ::1 - - "POST /ssoService/b2bLogin HTTP/1.1" 200 84 "http://localhost:8089/dist/view/account/login.html?username=&password=" "Mozilla/5.0 (Windows NT 6.1; WOW64) AppleWebKit/537.36 (KHTML, like Gecko) Chrome/49.0.2623.87 Safari/537.36"
[2016-07-26 14:56:19.083] [INFO] dateFileLog - ::1 - - "GET /ssoService/rasKey HTTP/1.1" 200 379 "http://localhost:8089/dist/view/account/login.html?username=&password=" "Mozilla/5.0 (Windows NT 6.1; WOW64) AppleWebKit/537.36 (KHTML, like Gecko) Chrome/49.0.2623.87 Safari/537.36"
[2016-07-26 14:56:19.165] [INFO] dateFileLog - ::1 - - "POST /ssoService/b2bLogin HTTP/1.1" 200 300 "http://localhost:8089/dist/view/account/login.html?username=&password=" "Mozilla/5.0 (Windows NT 6.1; WOW64) AppleWebKit/537.36 (KHTML, like Gecko) Chrome/49.0.2623.87 Safari/537.36"
[2016-07-26 14:56:50.280] [INFO] dateFileLog - ::1 - - "GET /dist/view/index.html?menu=index HTTP/1.1" 404 44 "http://localhost:8089/dist/view/account/login.html?username=&password=" "Mozilla/5.0 (Windows NT 6.1; WOW64) AppleWebKit/537.36 (KHTML, like Gecko) Chrome/49.0.2623.87 Safari/537.36"
[2016-07-26 15:03:10.281] [INFO] dateFileLog - ::1 - - "GET /ssoService/rasKey HTTP/1.1" 200 379 "http://localhost:8089/dist/view/account/login.html?username=&password=" "Mozilla/5.0 (Windows NT 6.1; WOW64) AppleWebKit/537.36 (KHTML, like Gecko) Chrome/49.0.2623.87 Safari/537.36"
[2016-07-26 15:03:10.370] [INFO] dateFileLog - ::1 - - "POST /ssoService/b2bLogin HTTP/1.1" 200 300 "http://localhost:8089/dist/view/account/login.html?username=&password=" "Mozilla/5.0 (Windows NT 6.1; WOW64) AppleWebKit/537.36 (KHTML, like Gecko) Chrome/49.0.2623.87 Safari/537.36"
[2016-07-26 15:03:30.459] [INFO] dateFileLog - ::1 - - "GET /ssoService/rasKey HTTP/1.1" 200 379 "http://localhost:8089/dist/view/account/login.html?username=&password=" "Mozilla/5.0 (Windows NT 6.1; WOW64) AppleWebKit/537.36 (KHTML, like Gecko) Chrome/49.0.2623.87 Safari/537.36"
[2016-07-26 15:03:30.834] [INFO] dateFileLog - ::1 - - "POST /ssoService/b2bLogin HTTP/1.1" 200 300 "http://localhost:8089/dist/view/account/login.html?username=&password=" "Mozilla/5.0 (Windows NT 6.1; WOW64) AppleWebKit/537.36 (KHTML, like Gecko) Chrome/49.0.2623.87 Safari/537.36"
[2016-07-26 15:03:31.680] [INFO] dateFileLog - ::1 - - "GET /ssoService/rasKey HTTP/1.1" 200 379 "http://localhost:8089/dist/view/account/login.html?username=&password=" "Mozilla/5.0 (Windows NT 6.1; WOW64) AppleWebKit/537.36 (KHTML, like Gecko) Chrome/49.0.2623.87 Safari/537.36"
[2016-07-26 15:03:32.049] [INFO] dateFileLog - ::1 - - "POST /ssoService/b2bLogin HTTP/1.1" 200 300 "http://localhost:8089/dist/view/account/login.html?username=&password=" "Mozilla/5.0 (Windows NT 6.1; WOW64) AppleWebKit/537.36 (KHTML, like Gecko) Chrome/49.0.2623.87 Safari/537.36"
[2016-07-26 15:03:32.883] [INFO] dateFileLog - ::1 - - "GET /ssoService/rasKey HTTP/1.1" 200 379 "http://localhost:8089/dist/view/account/login.html?username=&password=" "Mozilla/5.0 (Windows NT 6.1; WOW64) AppleWebKit/537.36 (KHTML, like Gecko) Chrome/49.0.2623.87 Safari/537.36"
[2016-07-26 15:03:34.262] [INFO] dateFileLog - ::1 - - "GET /ssoService/rasKey HTTP/1.1" 200 379 "http://localhost:8089/dist/view/account/login.html?username=&password=" "Mozilla/5.0 (Windows NT 6.1; WOW64) AppleWebKit/537.36 (KHTML, like Gecko) Chrome/49.0.2623.87 Safari/537.36"
[2016-07-26 15:03:36.152] [INFO] dateFileLog - ::1 - - "GET /ssoService/rasKey HTTP/1.1" 200 379 "http://localhost:8089/dist/view/account/login.html?username=&password=" "Mozilla/5.0 (Windows NT 6.1; WOW64) AppleWebKit/537.36 (KHTML, like Gecko) Chrome/49.0.2623.87 Safari/537.36"
[2016-07-26 15:03:36.677] [INFO] dateFileLog - ::1 - - "GET /ssoService/rasKey HTTP/1.1" 200 379 "http://localhost:8089/dist/view/account/login.html?username=&password=" "Mozilla/5.0 (Windows NT 6.1; WOW64) AppleWebKit/537.36 (KHTML, like Gecko) Chrome/49.0.2623.87 Safari/537.36"
[2016-07-26 15:03:36.683] [INFO] dateFileLog - ::1 - - "GET /ssoService/rasKey HTTP/1.1" 200 379 "http://localhost:8089/dist/view/account/login.html?username=&password=" "Mozilla/5.0 (Windows NT 6.1; WOW64) AppleWebKit/537.36 (KHTML, like Gecko) Chrome/49.0.2623.87 Safari/537.36"
[2016-07-26 15:03:36.753] [INFO] dateFileLog - ::1 - - "POST /ssoService/b2bLogin HTTP/1.1" 200 300 "http://localhost:8089/dist/view/account/login.html?username=&password=" "Mozilla/5.0 (Windows NT 6.1; WOW64) AppleWebKit/537.36 (KHTML, like Gecko) Chrome/49.0.2623.87 Safari/537.36"
[2016-07-26 15:03:36.764] [INFO] dateFileLog - ::1 - - "GET /ssoService/rasKey HTTP/1.1" 200 379 "http://localhost:8089/dist/view/account/login.html?username=&password=" "Mozilla/5.0 (Windows NT 6.1; WOW64) AppleWebKit/537.36 (KHTML, like Gecko) Chrome/49.0.2623.87 Safari/537.36"
[2016-07-26 15:03:36.821] [INFO] dateFileLog - ::1 - - "POST /ssoService/b2bLogin HTTP/1.1" 200 300 "http://localhost:8089/dist/view/account/login.html?username=&password=" "Mozilla/5.0 (Windows NT 6.1; WOW64) AppleWebKit/537.36 (KHTML, like Gecko) Chrome/49.0.2623.87 Safari/537.36"
[2016-07-26 15:03:36.876] [INFO] dateFileLog - ::1 - - "GET /ssoService/rasKey HTTP/1.1" 200 379 "http://localhost:8089/dist/view/account/login.html?username=&password=" "Mozilla/5.0 (Windows NT 6.1; WOW64) AppleWebKit/537.36 (KHTML, like Gecko) Chrome/49.0.2623.87 Safari/537.36"
[2016-07-26 15:03:36.892] [INFO] dateFileLog - ::1 - - "POST /ssoService/b2bLogin HTTP/1.1" 200 300 "http://localhost:8089/dist/view/account/login.html?username=&password=" "Mozilla/5.0 (Windows NT 6.1; WOW64) AppleWebKit/537.36 (KHTML, like Gecko) Chrome/49.0.2623.87 Safari/537.36"
[2016-07-26 15:03:36.950] [INFO] dateFileLog - ::1 - - "POST /ssoService/b2bLogin HTTP/1.1" 200 300 "http://localhost:8089/dist/view/account/login.html?username=&password=" "Mozilla/5.0 (Windows NT 6.1; WOW64) AppleWebKit/537.36 (KHTML, like Gecko) Chrome/49.0.2623.87 Safari/537.36"
[2016-07-26 15:03:39.003] [INFO] dateFileLog - ::1 - - "POST /ssoService/b2bLogin HTTP/1.1" 200 300 "http://localhost:8089/dist/view/account/login.html?username=&password=" "Mozilla/5.0 (Windows NT 6.1; WOW64) AppleWebKit/537.36 (KHTML, like Gecko) Chrome/49.0.2623.87 Safari/537.36"
[2016-07-26 15:03:39.095] [INFO] dateFileLog - ::1 - - "GET /ssoService/rasKey HTTP/1.1" 200 379 "http://localhost:8089/dist/view/account/login.html?username=&password=" "Mozilla/5.0 (Windows NT 6.1; WOW64) AppleWebKit/537.36 (KHTML, like Gecko) Chrome/49.0.2623.87 Safari/537.36"
[2016-07-26 15:03:39.374] [INFO] dateFileLog - ::1 - - "GET /ssoService/rasKey HTTP/1.1" 200 379 "http://localhost:8089/dist/view/account/login.html?username=&password=" "Mozilla/5.0 (Windows NT 6.1; WOW64) AppleWebKit/537.36 (KHTML, like Gecko) Chrome/49.0.2623.87 Safari/537.36"
[2016-07-26 15:03:39.480] [INFO] dateFileLog - ::1 - - "GET /ssoService/rasKey HTTP/1.1" 200 379 "http://localhost:8089/dist/view/account/login.html?username=&password=" "Mozilla/5.0 (Windows NT 6.1; WOW64) AppleWebKit/537.36 (KHTML, like Gecko) Chrome/49.0.2623.87 Safari/537.36"
[2016-07-26 15:03:39.550] [INFO] dateFileLog - ::1 - - "POST /ssoService/b2bLogin HTTP/1.1" 200 300 "http://localhost:8089/dist/view/account/login.html?username=&password=" "Mozilla/5.0 (Windows NT 6.1; WOW64) AppleWebKit/537.36 (KHTML, like Gecko) Chrome/49.0.2623.87 Safari/537.36"
[2016-07-26 15:03:40.013] [INFO] dateFileLog - ::1 - - "POST /ssoService/b2bLogin HTTP/1.1" 200 300 "http://localhost:8089/dist/view/account/login.html?username=&password=" "Mozilla/5.0 (Windows NT 6.1; WOW64) AppleWebKit/537.36 (KHTML, like Gecko) Chrome/49.0.2623.87 Safari/537.36"
[2016-07-26 15:03:45.526] [INFO] dateFileLog - ::1 - - "GET /ssoService/rasKey HTTP/1.1" 200 379 "http://localhost:8089/dist/view/account/login.html?username=&password=" "Mozilla/5.0 (Windows NT 6.1; WOW64) AppleWebKit/537.36 (KHTML, like Gecko) Chrome/49.0.2623.87 Safari/537.36"
[2016-07-26 15:03:45.604] [INFO] dateFileLog - ::1 - - "POST /ssoService/b2bLogin HTTP/1.1" 200 300 "http://localhost:8089/dist/view/account/login.html?username=&password=" "Mozilla/5.0 (Windows NT 6.1; WOW64) AppleWebKit/537.36 (KHTML, like Gecko) Chrome/49.0.2623.87 Safari/537.36"
[2016-07-26 15:03:49.081] [INFO] dateFileLog - ::1 - - "POST /ssoService/b2bLogin HTTP/1.1" 200 300 "http://localhost:8089/dist/view/account/login.html?username=&password=" "Mozilla/5.0 (Windows NT 6.1; WOW64) AppleWebKit/537.36 (KHTML, like Gecko) Chrome/49.0.2623.87 Safari/537.36"
[2016-07-26 15:03:51.647] [INFO] dateFileLog - ::1 - - "GET /ssoService/rasKey HTTP/1.1" 500 263 "http://localhost:8089/dist/view/account/login.html?username=&password=" "Mozilla/5.0 (Windows NT 6.1; WOW64) AppleWebKit/537.36 (KHTML, like Gecko) Chrome/49.0.2623.87 Safari/537.36"
[2016-07-26 15:03:55.265] [INFO] dateFileLog - ::1 - - "GET /ssoService/rasKey HTTP/1.1" 500 263 "http://localhost:8089/dist/view/account/login.html?username=&password=" "Mozilla/5.0 (Windows NT 6.1; WOW64) AppleWebKit/537.36 (KHTML, like Gecko) Chrome/49.0.2623.87 Safari/537.36"
[2016-07-26 15:03:57.897] [INFO] dateFileLog - ::1 - - "POST /ssoService/b2bLogin HTTP/1.1" 500 263 "http://localhost:8089/dist/view/account/login.html?username=&password=" "Mozilla/5.0 (Windows NT 6.1; WOW64) AppleWebKit/537.36 (KHTML, like Gecko) Chrome/49.0.2623.87 Safari/537.36"
[2016-07-26 15:04:00.488] [INFO] dateFileLog - ::1 - - "GET /ssoService/rasKey HTTP/1.1" 200 379 "http://localhost:8089/dist/view/account/login.html?username=&password=" "Mozilla/5.0 (Windows NT 6.1; WOW64) AppleWebKit/537.36 (KHTML, like Gecko) Chrome/49.0.2623.87 Safari/537.36"
[2016-07-26 15:04:00.557] [INFO] dateFileLog - ::1 - - "POST /ssoService/b2bLogin HTTP/1.1" 500 263 "http://localhost:8089/dist/view/account/login.html?username=&password=" "Mozilla/5.0 (Windows NT 6.1; WOW64) AppleWebKit/537.36 (KHTML, like Gecko) Chrome/49.0.2623.87 Safari/537.36"
[2016-07-26 15:04:00.558] [INFO] dateFileLog - ::1 - - "POST /ssoService/b2bLogin HTTP/1.1" 200 300 "http://localhost:8089/dist/view/account/login.html?username=&password=" "Mozilla/5.0 (Windows NT 6.1; WOW64) AppleWebKit/537.36 (KHTML, like Gecko) Chrome/49.0.2623.87 Safari/537.36"
[2016-07-26 15:04:22.969] [INFO] dateFileLog - ::1 - - "GET /ssoService/rasKey HTTP/1.1" 200 379 "http://localhost:8089/dist/view/account/login.html?username=&password=" "Mozilla/5.0 (Windows NT 6.1; WOW64) AppleWebKit/537.36 (KHTML, like Gecko) Chrome/49.0.2623.87 Safari/537.36"
[2016-07-26 15:04:26.039] [INFO] dateFileLog - ::1 - - "POST /ssoService/b2bLogin HTTP/1.1" 200 300 "http://localhost:8089/dist/view/account/login.html?username=&password=" "Mozilla/5.0 (Windows NT 6.1; WOW64) AppleWebKit/537.36 (KHTML, like Gecko) Chrome/49.0.2623.87 Safari/537.36"
[2016-07-26 15:04:32.929] [INFO] dateFileLog - ::1 - - "GET /ssoService/rasKey HTTP/1.1" 500 263 "http://localhost:8089/dist/view/account/login.html?username=&password=" "Mozilla/5.0 (Windows NT 6.1; WOW64) AppleWebKit/537.36 (KHTML, like Gecko) Chrome/49.0.2623.87 Safari/537.36"
[2016-07-26 15:04:49.341] [INFO] dateFileLog - ::1 - - "GET /dist/bdcccab5d38efa6f2a32.hot-update.json HTTP/1.1" 404 54 "http://localhost:8089/dist/view/account/login.html?username=&password=" "Mozilla/5.0 (Windows NT 6.1; WOW64) AppleWebKit/537.36 (KHTML, like Gecko) Chrome/49.0.2623.87 Safari/537.36"
[2016-07-26 15:05:02.630] [INFO] dateFileLog - ::1 - - "GET /ssoService/rasKey HTTP/1.1" 200 379 "http://localhost:8089/dist/view/account/login.html?username=&password=" "Mozilla/5.0 (Windows NT 6.1; WOW64) AppleWebKit/537.36 (KHTML, like Gecko) Chrome/49.0.2623.87 Safari/537.36"
[2016-07-26 15:05:02.709] [INFO] dateFileLog - ::1 - - "POST /ssoService/b2bLogin HTTP/1.1" 200 300 "http://localhost:8089/dist/view/account/login.html?username=&password=" "Mozilla/5.0 (Windows NT 6.1; WOW64) AppleWebKit/537.36 (KHTML, like Gecko) Chrome/49.0.2623.87 Safari/537.36"
[2016-07-26 15:05:03.475] [INFO] dateFileLog - ::1 - - "GET /ssoService/rasKey HTTP/1.1" 200 379 "http://localhost:8089/dist/view/account/login.html?username=&password=" "Mozilla/5.0 (Windows NT 6.1; WOW64) AppleWebKit/537.36 (KHTML, like Gecko) Chrome/49.0.2623.87 Safari/537.36"
[2016-07-26 15:05:03.548] [INFO] dateFileLog - ::1 - - "POST /ssoService/b2bLogin HTTP/1.1" 200 300 "http://localhost:8089/dist/view/account/login.html?username=&password=" "Mozilla/5.0 (Windows NT 6.1; WOW64) AppleWebKit/537.36 (KHTML, like Gecko) Chrome/49.0.2623.87 Safari/537.36"
[2016-07-26 15:05:53.860] [INFO] dateFileLog - ::1 - - "GET /ssoService/rasKey HTTP/1.1" 200 379 "http://localhost:8089/dist/view/account/login.html?username=&password=" "Mozilla/5.0 (Windows NT 6.1; WOW64) AppleWebKit/537.36 (KHTML, like Gecko) Chrome/49.0.2623.87 Safari/537.36"
[2016-07-26 15:05:54.267] [INFO] dateFileLog - ::1 - - "POST /ssoService/b2bLogin HTTP/1.1" 200 300 "http://localhost:8089/dist/view/account/login.html?username=&password=" "Mozilla/5.0 (Windows NT 6.1; WOW64) AppleWebKit/537.36 (KHTML, like Gecko) Chrome/49.0.2623.87 Safari/537.36"
[2016-07-26 15:06:09.965] [INFO] dateFileLog - ::1 - - "GET /ssoService/rasKey HTTP/1.1" 500 263 "http://localhost:8089/dist/view/account/login.html?username=&password=" "Mozilla/5.0 (Windows NT 6.1; WOW64) AppleWebKit/537.36 (KHTML, like Gecko) Chrome/49.0.2623.87 Safari/537.36"
[2016-07-26 15:06:28.486] [INFO] dateFileLog - ::1 - - "GET /ssoService/rasKey HTTP/1.1" 200 379 "http://localhost:8089/dist/view/account/login.html?username=&password=" "Mozilla/5.0 (Windows NT 6.1; WOW64) AppleWebKit/537.36 (KHTML, like Gecko) Chrome/49.0.2623.87 Safari/537.36"
[2016-07-26 15:06:28.582] [INFO] dateFileLog - ::1 - - "POST /ssoService/login HTTP/1.1" 200 420 "http://localhost:8089/dist/view/account/login.html?username=&password=" "Mozilla/5.0 (Windows NT 6.1; WOW64) AppleWebKit/537.36 (KHTML, like Gecko) Chrome/49.0.2623.87 Safari/537.36"
[2016-07-26 15:06:36.425] [INFO] dateFileLog - ::1 - - "GET /ssoService/rasKey HTTP/1.1" 200 379 "http://localhost:8089/dist/view/account/login.html?username=&password=" "Mozilla/5.0 (Windows NT 6.1; WOW64) AppleWebKit/537.36 (KHTML, like Gecko) Chrome/49.0.2623.87 Safari/537.36"
[2016-07-26 15:06:36.511] [INFO] dateFileLog - ::1 - - "POST /ssoService/login HTTP/1.1" 200 420 "http://localhost:8089/dist/view/account/login.html?username=&password=" "Mozilla/5.0 (Windows NT 6.1; WOW64) AppleWebKit/537.36 (KHTML, like Gecko) Chrome/49.0.2623.87 Safari/537.36"
[2016-07-26 15:07:07.899] [INFO] dateFileLog - ::1 - - "GET /ssoService/rasKey HTTP/1.1" 200 379 "http://localhost:8089/dist/view/account/login.html?username=&password=" "Mozilla/5.0 (Windows NT 6.1; WOW64) AppleWebKit/537.36 (KHTML, like Gecko) Chrome/49.0.2623.87 Safari/537.36"
[2016-07-26 15:07:07.979] [INFO] dateFileLog - ::1 - - "POST /ssoService/login HTTP/1.1" 200 420 "http://localhost:8089/dist/view/account/login.html?username=&password=" "Mozilla/5.0 (Windows NT 6.1; WOW64) AppleWebKit/537.36 (KHTML, like Gecko) Chrome/49.0.2623.87 Safari/537.36"
[2016-07-26 15:08:22.328] [INFO] dateFileLog - ::1 - - "GET /ssoService/rasKey HTTP/1.1" 200 379 "http://localhost:8089/dist/view/account/login.html?username=&password=" "Mozilla/5.0 (Windows NT 6.1; WOW64) AppleWebKit/537.36 (KHTML, like Gecko) Chrome/49.0.2623.87 Safari/537.36"
[2016-07-26 15:08:22.725] [INFO] dateFileLog - ::1 - - "POST /ssoService/login HTTP/1.1" 200 420 "http://localhost:8089/dist/view/account/login.html?username=&password=" "Mozilla/5.0 (Windows NT 6.1; WOW64) AppleWebKit/537.36 (KHTML, like Gecko) Chrome/49.0.2623.87 Safari/537.36"
[2016-07-26 15:08:22.733] [INFO] dateFileLog - ::1 - - "GET /dist/view/index.html HTTP/1.1" 404 33 "http://localhost:8089/dist/view/account/login.html?username=&password=" "Mozilla/5.0 (Windows NT 6.1; WOW64) AppleWebKit/537.36 (KHTML, like Gecko) Chrome/49.0.2623.87 Safari/537.36"
[2016-07-26 15:12:02.234] [INFO] dateFileLog - ::1 - - "GET /dist/js/require.config.js HTTP/1.1" 404 38 "http://localhost:8089/dist/view/account/forget.html" "Mozilla/5.0 (Windows NT 6.1; WOW64) AppleWebKit/537.36 (KHTML, like Gecko) Chrome/49.0.2623.87 Safari/537.36"
[2016-07-26 15:12:02.235] [INFO] dateFileLog - ::1 - - "GET /dist/js/require.js HTTP/1.1" 404 31 "http://localhost:8089/dist/view/account/forget.html" "Mozilla/5.0 (Windows NT 6.1; WOW64) AppleWebKit/537.36 (KHTML, like Gecko) Chrome/49.0.2623.87 Safari/537.36"
[2016-07-26 15:12:06.852] [INFO] dateFileLog - ::1 - - "GET /dist/css/public.css HTTP/1.1" 404 32 "http://localhost:8089/dist/view/account/register.html" "Mozilla/5.0 (Windows NT 6.1; WOW64) AppleWebKit/537.36 (KHTML, like Gecko) Chrome/49.0.2623.87 Safari/537.36"
[2016-07-26 15:12:06.852] [INFO] dateFileLog - ::1 - - "GET /dist/css/account.css HTTP/1.1" 404 33 "http://localhost:8089/dist/view/account/register.html" "Mozilla/5.0 (Windows NT 6.1; WOW64) AppleWebKit/537.36 (KHTML, like Gecko) Chrome/49.0.2623.87 Safari/537.36"
[2016-07-26 15:12:06.854] [INFO] dateFileLog - ::1 - - "GET /dist/js/require.js HTTP/1.1" 404 31 "http://localhost:8089/dist/view/account/register.html" "Mozilla/5.0 (Windows NT 6.1; WOW64) AppleWebKit/537.36 (KHTML, like Gecko) Chrome/49.0.2623.87 Safari/537.36"
[2016-07-26 15:12:06.854] [INFO] dateFileLog - ::1 - - "GET /dist/js/require.config.js HTTP/1.1" 404 38 "http://localhost:8089/dist/view/account/register.html" "Mozilla/5.0 (Windows NT 6.1; WOW64) AppleWebKit/537.36 (KHTML, like Gecko) Chrome/49.0.2623.87 Safari/537.36"
[2016-07-26 15:12:23.304] [INFO] dateFileLog - ::1 - - "GET /dist/js/require.js HTTP/1.1" 404 31 "http://localhost:8089/dist/view/account/forget.html" "Mozilla/5.0 (Windows NT 6.1; WOW64) AppleWebKit/537.36 (KHTML, like Gecko) Chrome/49.0.2623.87 Safari/537.36"
[2016-07-26 15:12:23.305] [INFO] dateFileLog - ::1 - - "GET /dist/js/require.config.js HTTP/1.1" 404 38 "http://localhost:8089/dist/view/account/forget.html" "Mozilla/5.0 (Windows NT 6.1; WOW64) AppleWebKit/537.36 (KHTML, like Gecko) Chrome/49.0.2623.87 Safari/537.36"
[2016-07-26 15:42:43.262] [INFO] dateFileLog - ::1 - - "GET /ssoService/sms/12121212/%E3%80%90%E6%B7%98%E7%8C%AA%E5%AE%9D%E3%80%91%E9%AA%8C%E8%AF%81%E7%A0%81%EF%BC%9A HTTP/1.1" 404 198 "http://localhost:8089/dist/view/account/forget.html" "Mozilla/5.0 (Windows NT 6.1; WOW64) AppleWebKit/537.36 (KHTML, like Gecko) Chrome/49.0.2623.87 Safari/537.36"
[2016-07-26 15:42:55.747] [INFO] dateFileLog - ::1 - - "GET /ssoService/sms/13302962564/%E3%80%90%E6%B7%98%E7%8C%AA%E5%AE%9D%E3%80%91%E9%AA%8C%E8%AF%81%E7%A0%81%EF%BC%9A HTTP/1.1" 404 201 "http://localhost:8089/dist/view/account/forget.html" "Mozilla/5.0 (Windows NT 6.1; WOW64) AppleWebKit/537.36 (KHTML, like Gecko) Chrome/49.0.2623.87 Safari/537.36"
[2016-07-26 15:53:00.238] [INFO] dateFileLog - ::1 - - "GET /ssoService/sms/13302962564/%E3%80%90%E6%B7%98%E7%8C%AA%E5%AE%9D%E3%80%91%E9%AA%8C%E8%AF%81%E7%A0%81%EF%BC%9A HTTP/1.1" 404 201 "http://localhost:8089/dist/view/account/forget.html?tel=&code=" "Mozilla/5.0 (Windows NT 6.1; WOW64) AppleWebKit/537.36 (KHTML, like Gecko) Chrome/49.0.2623.87 Safari/537.36"
[2016-07-26 15:53:01.377] [INFO] dateFileLog - ::1 - - "GET /ssoService/sms/13302962564/%E3%80%90%E6%B7%98%E7%8C%AA%E5%AE%9D%E3%80%91%E9%AA%8C%E8%AF%81%E7%A0%81%EF%BC%9A HTTP/1.1" 404 201 "http://localhost:8089/dist/view/account/forget.html?tel=&code=" "Mozilla/5.0 (Windows NT 6.1; WOW64) AppleWebKit/537.36 (KHTML, like Gecko) Chrome/49.0.2623.87 Safari/537.36"
[2016-07-26 15:54:46.180] [INFO] dateFileLog - ::1 - - "GET /smsService/sms/13302962564/%E3%80%90%E6%B7%98%E7%8C%AA%E5%AE%9D%E3%80%91%E9%AA%8C%E8%AF%81%E7%A0%81%EF%BC%9A HTTP/1.1" 200 17 "http://localhost:8089/dist/view/account/forget.html?tel=&code=" "Mozilla/5.0 (Windows NT 6.1; WOW64) AppleWebKit/537.36 (KHTML, like Gecko) Chrome/49.0.2623.87 Safari/537.36"
[2016-07-26 16:39:38.810] [INFO] dateFileLog - ::1 - - "GET /ssoService/rasKey HTTP/1.1" 200 379 "http://localhost:8089/dist/view/account/login.html" "Mozilla/5.0 (Windows NT 6.1; WOW64) AppleWebKit/537.36 (KHTML, like Gecko) Chrome/49.0.2623.87 Safari/537.36"
[2016-07-26 16:39:38.918] [INFO] dateFileLog - ::1 - - "POST /ssoService/login HTTP/1.1" 200 420 "http://localhost:8089/dist/view/account/login.html" "Mozilla/5.0 (Windows NT 6.1; WOW64) AppleWebKit/537.36 (KHTML, like Gecko) Chrome/49.0.2623.87 Safari/537.36"
[2016-07-26 16:39:38.926] [INFO] dateFileLog - ::1 - - "GET /dist/view/index.html HTTP/1.1" 404 33 "http://localhost:8089/dist/view/account/login.html" "Mozilla/5.0 (Windows NT 6.1; WOW64) AppleWebKit/537.36 (KHTML, like Gecko) Chrome/49.0.2623.87 Safari/537.36"
[2016-08-04 09:51:05.143] [INFO] dateFileLog - ::1 - - "GET /ssoService/rasKey HTTP/1.1" 200 379 "http://localhost:8089/dist/view/account/login.html" "Mozilla/5.0 (Windows NT 6.1; WOW64) AppleWebKit/537.36 (KHTML, like Gecko) Chrome/49.0.2623.87 Safari/537.36"
[2016-08-04 09:51:05.240] [INFO] dateFileLog - ::1 - - "POST /ssoService/login HTTP/1.1" 200 420 "http://localhost:8089/dist/view/account/login.html" "Mozilla/5.0 (Windows NT 6.1; WOW64) AppleWebKit/537.36 (KHTML, like Gecko) Chrome/49.0.2623.87 Safari/537.36"
[2016-08-04 09:51:54.948] [INFO] dateFileLog - ::1 - - "GET /dist/css/public.css HTTP/1.1" 404 32 "http://localhost:8089/dist/view/account/register.html" "Mozilla/5.0 (Windows NT 6.1; WOW64) AppleWebKit/537.36 (KHTML, like Gecko) Chrome/49.0.2623.87 Safari/537.36"
[2016-08-04 09:51:54.949] [INFO] dateFileLog - ::1 - - "GET /dist/css/account.css HTTP/1.1" 404 33 "http://localhost:8089/dist/view/account/register.html" "Mozilla/5.0 (Windows NT 6.1; WOW64) AppleWebKit/537.36 (KHTML, like Gecko) Chrome/49.0.2623.87 Safari/537.36"
[2016-08-04 09:51:54.950] [INFO] dateFileLog - ::1 - - "GET /dist/js/require.js HTTP/1.1" 404 31 "http://localhost:8089/dist/view/account/register.html" "Mozilla/5.0 (Windows NT 6.1; WOW64) AppleWebKit/537.36 (KHTML, like Gecko) Chrome/49.0.2623.87 Safari/537.36"
[2016-08-04 09:51:54.950] [INFO] dateFileLog - ::1 - - "GET /dist/js/require.config.js HTTP/1.1" 404 38 "http://localhost:8089/dist/view/account/register.html" "Mozilla/5.0 (Windows NT 6.1; WOW64) AppleWebKit/537.36 (KHTML, like Gecko) Chrome/49.0.2623.87 Safari/537.36"
[2016-08-04 10:02:11.225] [INFO] dateFileLog - ::1 - - "GET /smsService/sms/13302962564/%E3%80%90%E6%B7%98%E7%8C%AA%E5%AE%9D%E3%80%91%E9%AA%8C%E8%AF%81%E7%A0%81%EF%BC%9A HTTP/1.1" 200 17 "http://localhost:8089/dist/view/account/forget.html?tel=&code=" "Mozilla/5.0 (Windows NT 6.1; WOW64) AppleWebKit/537.36 (KHTML, like Gecko) Chrome/49.0.2623.87 Safari/537.36"
[2016-08-04 10:13:08.684] [INFO] dateFileLog - ::1 - - "GET /dist/css/public.css HTTP/1.1" 404 32 "http://localhost:8089/dist/view/account/register.html" "Mozilla/5.0 (Windows NT 6.1; WOW64) AppleWebKit/537.36 (KHTML, like Gecko) Chrome/49.0.2623.87 Safari/537.36"
[2016-08-04 10:13:08.686] [INFO] dateFileLog - ::1 - - "GET /dist/css/account.css HTTP/1.1" 404 33 "http://localhost:8089/dist/view/account/register.html" "Mozilla/5.0 (Windows NT 6.1; WOW64) AppleWebKit/537.36 (KHTML, like Gecko) Chrome/49.0.2623.87 Safari/537.36"
[2016-08-04 10:13:08.687] [INFO] dateFileLog - ::1 - - "GET /dist/js/require.js HTTP/1.1" 404 31 "http://localhost:8089/dist/view/account/register.html" "Mozilla/5.0 (Windows NT 6.1; WOW64) AppleWebKit/537.36 (KHTML, like Gecko) Chrome/49.0.2623.87 Safari/537.36"
[2016-08-04 10:13:08.688] [INFO] dateFileLog - ::1 - - "GET /dist/js/require.config.js HTTP/1.1" 404 38 "http://localhost:8089/dist/view/account/register.html" "Mozilla/5.0 (Windows NT 6.1; WOW64) AppleWebKit/537.36 (KHTML, like Gecko) Chrome/49.0.2623.87 Safari/537.36"
[2016-08-04 11:05:46.621] [INFO] dateFileLog - ::1 - - "GET /ssoService/rasKey HTTP/1.1" 200 379 "http://localhost:8089/dist/view/account/forget.html" "Mozilla/5.0 (Windows NT 6.1; WOW64) AppleWebKit/537.36 (KHTML, like Gecko) Chrome/49.0.2623.87 Safari/537.36"
[2016-08-04 11:40:43.044] [INFO] dateFileLog - ::1 - - "GET /ssoService/userName/13302962564 HTTP/1.1" 200 58 "http://localhost:8089/dist/view/account/forget.html" "Mozilla/5.0 (Windows NT 6.1; WOW64) AppleWebKit/537.36 (KHTML, like Gecko) Chrome/49.0.2623.87 Safari/537.36"
[2016-08-04 11:40:43.049] [INFO] dateFileLog - ::1 - - "GET /smsService/sms/13302962564/%E3%80%90%E6%B7%98%E7%8C%AA%E5%AE%9D%E3%80%91%E9%AA%8C%E8%AF%81%E7%A0%81%EF%BC%9A HTTP/1.1" 200 17 "http://localhost:8089/dist/view/account/forget.html" "Mozilla/5.0 (Windows NT 6.1; WOW64) AppleWebKit/537.36 (KHTML, like Gecko) Chrome/49.0.2623.87 Safari/537.36"
[2016-08-04 11:40:59.347] [INFO] dateFileLog - ::1 - - "GET /ssoService/isRight?mobile=13302962564&codes=3012 HTTP/1.1" 200 60 "http://localhost:8089/dist/view/account/forget.html" "Mozilla/5.0 (Windows NT 6.1; WOW64) AppleWebKit/537.36 (KHTML, like Gecko) Chrome/49.0.2623.87 Safari/537.36"
[2016-08-04 14:13:40.691] [INFO] dateFileLog - ::1 - - "GET /ssoService/userName/13302962564 HTTP/1.1" 200 58 "http://localhost:8089/dist/view/account/forget.html" "Mozilla/5.0 (Windows NT 6.1; WOW64) AppleWebKit/537.36 (KHTML, like Gecko) Chrome/49.0.2623.87 Safari/537.36"
[2016-08-04 14:13:40.942] [INFO] dateFileLog - ::1 - - "GET /smsService/sms/13302962564/o2o?_time=1470291220633 HTTP/1.1" 200 17 "http://localhost:8089/dist/view/account/forget.html" "Mozilla/5.0 (Windows NT 6.1; WOW64) AppleWebKit/537.36 (KHTML, like Gecko) Chrome/49.0.2623.87 Safari/537.36"
[2016-08-04 14:13:55.509] [INFO] dateFileLog - ::1 - - "GET /ssoService/isRight?mobile=13302962564&codes=9075 HTTP/1.1" 200 60 "http://localhost:8089/dist/view/account/forget.html" "Mozilla/5.0 (Windows NT 6.1; WOW64) AppleWebKit/537.36 (KHTML, like Gecko) Chrome/49.0.2623.87 Safari/537.36"
[2016-08-04 14:13:56.601] [INFO] dateFileLog - ::1 - - "GET /ssoService/isRight?mobile=13302962564&codes=9075 HTTP/1.1" 200 60 "http://localhost:8089/dist/view/account/forget.html" "Mozilla/5.0 (Windows NT 6.1; WOW64) AppleWebKit/537.36 (KHTML, like Gecko) Chrome/49.0.2623.87 Safari/537.36"
[2016-08-04 14:15:22.686] [INFO] dateFileLog - ::1 - - "GET /ssoService/userName/13302962564 HTTP/1.1" 200 58 "http://localhost:8089/dist/view/account/forget.html" "Mozilla/5.0 (Windows NT 6.1; WOW64) AppleWebKit/537.36 (KHTML, like Gecko) Chrome/49.0.2623.87 Safari/537.36"
[2016-08-04 14:15:22.703] [INFO] dateFileLog - ::1 - - "GET /smsService/sms/13302962564/o2o?_time=1470291322636 HTTP/1.1" 200 17 "http://localhost:8089/dist/view/account/forget.html" "Mozilla/5.0 (Windows NT 6.1; WOW64) AppleWebKit/537.36 (KHTML, like Gecko) Chrome/49.0.2623.87 Safari/537.36"
[2016-08-04 14:15:49.680] [INFO] dateFileLog - ::1 - - "GET /ssoService/isRight?mobile=13302962564&codes=5602 HTTP/1.1" 200 60 "http://localhost:8089/dist/view/account/forget.html" "Mozilla/5.0 (Windows NT 6.1; WOW64) AppleWebKit/537.36 (KHTML, like Gecko) Chrome/49.0.2623.87 Safari/537.36"
[2016-08-04 14:16:06.886] [INFO] dateFileLog - ::1 - - "GET /ssoService/rasKey HTTP/1.1" 200 379 "http://localhost:8089/dist/view/account/forget.html" "Mozilla/5.0 (Windows NT 6.1; WOW64) AppleWebKit/537.36 (KHTML, like Gecko) Chrome/49.0.2623.87 Safari/537.36"
[2016-08-04 14:16:09.346] [INFO] dateFileLog - ::1 - - "GET /ssoService/rasKey HTTP/1.1" 200 379 "http://localhost:8089/dist/view/account/forget.html" "Mozilla/5.0 (Windows NT 6.1; WOW64) AppleWebKit/537.36 (KHTML, like Gecko) Chrome/49.0.2623.87 Safari/537.36"
[2016-08-04 15:41:30.951] [INFO] dateFileLog - ::1 - - "GET /ssoService/userName/13302962564 HTTP/1.1" 200 58 "http://localhost:8089/dist/view/account/forget.html" "Mozilla/5.0 (Windows NT 6.1; WOW64) AppleWebKit/537.36 (KHTML, like Gecko) Chrome/49.0.2623.87 Safari/537.36"
[2016-08-04 15:41:30.969] [INFO] dateFileLog - ::1 - - "GET /smsService/sms/13302962564/o2o?_time=1470296490888 HTTP/1.1" 200 17 "http://localhost:8089/dist/view/account/forget.html" "Mozilla/5.0 (Windows NT 6.1; WOW64) AppleWebKit/537.36 (KHTML, like Gecko) Chrome/49.0.2623.87 Safari/537.36"
[2016-08-04 15:41:50.420] [INFO] dateFileLog - ::1 - - "GET /ssoService/isRight?mobile=13302962564&codes=4723 HTTP/1.1" 200 60 "http://localhost:8089/dist/view/account/forget.html" "Mozilla/5.0 (Windows NT 6.1; WOW64) AppleWebKit/537.36 (KHTML, like Gecko) Chrome/49.0.2623.87 Safari/537.36"
[2016-08-04 15:42:03.239] [INFO] dateFileLog - ::1 - - "GET /ssoService/rasKey HTTP/1.1" 200 379 "http://localhost:8089/dist/view/account/forget.html" "Mozilla/5.0 (Windows NT 6.1; WOW64) AppleWebKit/537.36 (KHTML, like Gecko) Chrome/49.0.2623.87 Safari/537.36"
[2016-08-04 15:42:41.840] [INFO] dateFileLog - ::1 - - "GET /ssoService/rasKey HTTP/1.1" 200 379 "http://localhost:8089/dist/view/account/forget.html" "Mozilla/5.0 (Windows NT 6.1; WOW64) AppleWebKit/537.36 (KHTML, like Gecko) Chrome/49.0.2623.87 Safari/537.36"
[2016-08-04 15:43:06.029] [INFO] dateFileLog - ::1 - - "GET /ssoService/rasKey HTTP/1.1" 200 379 "http://localhost:8089/dist/view/account/forget.html" "Mozilla/5.0 (Windows NT 6.1; WOW64) AppleWebKit/537.36 (KHTML, like Gecko) Chrome/49.0.2623.87 Safari/537.36"
[2016-08-04 15:43:33.854] [INFO] dateFileLog - ::1 - - "GET /ssoService/rasKey HTTP/1.1" 200 379 "http://localhost:8089/dist/view/account/forget.html" "Mozilla/5.0 (Windows NT 6.1; WOW64) AppleWebKit/537.36 (KHTML, like Gecko) Chrome/49.0.2623.87 Safari/537.36"
[2016-08-04 16:05:36.219] [INFO] dateFileLog - ::1 - - "GET /ssoService/userName/13302962564 HTTP/1.1" 200 58 "http://localhost:8089/dist/view/account/forget.html" "Mozilla/5.0 (Windows NT 6.1; WOW64) AppleWebKit/537.36 (KHTML, like Gecko) Chrome/49.0.2623.87 Safari/537.36"
[2016-08-04 16:05:36.238] [INFO] dateFileLog - ::1 - - "GET /smsService/sms/13302962564/o2o?_time=1470297936172 HTTP/1.1" 200 17 "http://localhost:8089/dist/view/account/forget.html" "Mozilla/5.0 (Windows NT 6.1; WOW64) AppleWebKit/537.36 (KHTML, like Gecko) Chrome/49.0.2623.87 Safari/537.36"
[2016-08-04 16:05:52.593] [INFO] dateFileLog - ::1 - - "GET /ssoService/isRight?mobile=13302962564&codes=1475 HTTP/1.1" 200 60 "http://localhost:8089/dist/view/account/forget.html" "Mozilla/5.0 (Windows NT 6.1; WOW64) AppleWebKit/537.36 (KHTML, like Gecko) Chrome/49.0.2623.87 Safari/537.36"
[2016-08-04 16:06:00.789] [INFO] dateFileLog - ::1 - - "GET /ssoService/rasKey HTTP/1.1" 200 379 "http://localhost:8089/dist/view/account/forget.html" "Mozilla/5.0 (Windows NT 6.1; WOW64) AppleWebKit/537.36 (KHTML, like Gecko) Chrome/49.0.2623.87 Safari/537.36"
[2016-08-04 16:06:34.197] [INFO] dateFileLog - ::1 - - "GET /ssoService/rasKey HTTP/1.1" 200 379 "http://localhost:8089/dist/view/account/forget.html" "Mozilla/5.0 (Windows NT 6.1; WOW64) AppleWebKit/537.36 (KHTML, like Gecko) Chrome/49.0.2623.87 Safari/537.36"
[2016-08-04 16:08:03.791] [INFO] dateFileLog - ::1 - - "GET /ssoService/userName/13302962564 HTTP/1.1" 200 58 "http://localhost:8089/dist/view/account/forget.html" "Mozilla/5.0 (Windows NT 6.1; WOW64) AppleWebKit/537.36 (KHTML, like Gecko) Chrome/49.0.2623.87 Safari/537.36"
[2016-08-04 16:08:03.813] [INFO] dateFileLog - ::1 - - "GET /smsService/sms/13302962564/o2o?_time=1470298083741 HTTP/1.1" 200 17 "http://localhost:8089/dist/view/account/forget.html" "Mozilla/5.0 (Windows NT 6.1; WOW64) AppleWebKit/537.36 (KHTML, like Gecko) Chrome/49.0.2623.87 Safari/537.36"
[2016-08-04 16:08:17.164] [INFO] dateFileLog - ::1 - - "GET /ssoService/isRight?mobile=13302962564&codes=0569 HTTP/1.1" 200 60 "http://localhost:8089/dist/view/account/forget.html" "Mozilla/5.0 (Windows NT 6.1; WOW64) AppleWebKit/537.36 (KHTML, like Gecko) Chrome/49.0.2623.87 Safari/537.36"
[2016-08-04 16:08:25.237] [INFO] dateFileLog - ::1 - - "GET /ssoService/rasKey HTTP/1.1" 200 379 "http://localhost:8089/dist/view/account/forget.html" "Mozilla/5.0 (Windows NT 6.1; WOW64) AppleWebKit/537.36 (KHTML, like Gecko) Chrome/49.0.2623.87 Safari/537.36"
[2016-08-04 16:08:46.590] [INFO] dateFileLog - ::1 - - "GET /ssoService/rasKey HTTP/1.1" 200 379 "http://localhost:8089/dist/view/account/forget.html" "Mozilla/5.0 (Windows NT 6.1; WOW64) AppleWebKit/537.36 (KHTML, like Gecko) Chrome/49.0.2623.87 Safari/537.36"
[2016-08-04 16:09:31.625] [INFO] dateFileLog - ::1 - - "GET /ssoService/userName/13302962564 HTTP/1.1" 200 58 "http://localhost:8089/dist/view/account/forget.html" "Mozilla/5.0 (Windows NT 6.1; WOW64) AppleWebKit/537.36 (KHTML, like Gecko) Chrome/49.0.2623.87 Safari/537.36"
[2016-08-04 16:09:31.638] [INFO] dateFileLog - ::1 - - "GET /smsService/sms/13302962564/o2o?_time=1470298171576 HTTP/1.1" 200 17 "http://localhost:8089/dist/view/account/forget.html" "Mozilla/5.0 (Windows NT 6.1; WOW64) AppleWebKit/537.36 (KHTML, like Gecko) Chrome/49.0.2623.87 Safari/537.36"
[2016-08-04 16:09:47.425] [INFO] dateFileLog - ::1 - - "GET /ssoService/isRight?mobile=13302962564&codes=3198 HTTP/1.1" 200 60 "http://localhost:8089/dist/view/account/forget.html" "Mozilla/5.0 (Windows NT 6.1; WOW64) AppleWebKit/537.36 (KHTML, like Gecko) Chrome/49.0.2623.87 Safari/537.36"
[2016-08-04 16:09:54.417] [INFO] dateFileLog - ::1 - - "GET /ssoService/rasKey HTTP/1.1" 200 379 "http://localhost:8089/dist/view/account/forget.html" "Mozilla/5.0 (Windows NT 6.1; WOW64) AppleWebKit/537.36 (KHTML, like Gecko) Chrome/49.0.2623.87 Safari/537.36"
[2016-08-04 16:09:54.523] [INFO] dateFileLog - ::1 - - "POST /ssoService/passWord HTTP/1.1" 200 58 "http://localhost:8089/dist/view/account/forget.html" "Mozilla/5.0 (Windows NT 6.1; WOW64) AppleWebKit/537.36 (KHTML, like Gecko) Chrome/49.0.2623.87 Safari/537.36"
[2016-08-04 16:10:32.822] [INFO] dateFileLog - ::1 - - "GET /dist/css/public.css HTTP/1.1" 404 32 "http://localhost:8089/dist/view/account/register.html" "Mozilla/5.0 (Windows NT 6.1; WOW64) AppleWebKit/537.36 (KHTML, like Gecko) Chrome/49.0.2623.87 Safari/537.36"
[2016-08-04 16:10:32.822] [INFO] dateFileLog - ::1 - - "GET /dist/css/account.css HTTP/1.1" 404 33 "http://localhost:8089/dist/view/account/register.html" "Mozilla/5.0 (Windows NT 6.1; WOW64) AppleWebKit/537.36 (KHTML, like Gecko) Chrome/49.0.2623.87 Safari/537.36"
[2016-08-04 16:10:32.835] [INFO] dateFileLog - ::1 - - "GET /dist/js/require.config.js HTTP/1.1" 404 38 "http://localhost:8089/dist/view/account/register.html" "Mozilla/5.0 (Windows NT 6.1; WOW64) AppleWebKit/537.36 (KHTML, like Gecko) Chrome/49.0.2623.87 Safari/537.36"
[2016-08-04 16:10:32.836] [INFO] dateFileLog - ::1 - - "GET /dist/js/require.js HTTP/1.1" 404 31 "http://localhost:8089/dist/view/account/register.html" "Mozilla/5.0 (Windows NT 6.1; WOW64) AppleWebKit/537.36 (KHTML, like Gecko) Chrome/49.0.2623.87 Safari/537.36"
[2016-08-04 16:32:25.352] [INFO] dateFileLog - ::1 - - "GET /dist/css/public.css HTTP/1.1" 404 32 "http://localhost:8089/dist/view/account/register.html" "Mozilla/5.0 (Windows NT 6.1; WOW64) AppleWebKit/537.36 (KHTML, like Gecko) Chrome/49.0.2623.87 Safari/537.36"
[2016-08-04 16:32:25.355] [INFO] dateFileLog - ::1 - - "GET /dist/css/account.css HTTP/1.1" 404 33 "http://localhost:8089/dist/view/account/register.html" "Mozilla/5.0 (Windows NT 6.1; WOW64) AppleWebKit/537.36 (KHTML, like Gecko) Chrome/49.0.2623.87 Safari/537.36"
[2016-08-04 16:32:25.355] [INFO] dateFileLog - ::1 - - "GET /dist/js/require.js HTTP/1.1" 404 31 "http://localhost:8089/dist/view/account/register.html" "Mozilla/5.0 (Windows NT 6.1; WOW64) AppleWebKit/537.36 (KHTML, like Gecko) Chrome/49.0.2623.87 Safari/537.36"
[2016-08-04 16:32:25.355] [INFO] dateFileLog - ::1 - - "GET /dist/js/require.config.js HTTP/1.1" 404 38 "http://localhost:8089/dist/view/account/register.html" "Mozilla/5.0 (Windows NT 6.1; WOW64) AppleWebKit/537.36 (KHTML, like Gecko) Chrome/49.0.2623.87 Safari/537.36"
[2016-08-04 16:32:42.817] [INFO] dateFileLog - ::1 - - "GET /dist/css/public.css HTTP/1.1" 404 32 "http://localhost:8089/dist/view/account/register.html" "Mozilla/5.0 (Windows NT 6.1; WOW64) AppleWebKit/537.36 (KHTML, like Gecko) Chrome/49.0.2623.87 Safari/537.36"
[2016-08-04 16:32:42.821] [INFO] dateFileLog - ::1 - - "GET /dist/css/account.css HTTP/1.1" 404 33 "http://localhost:8089/dist/view/account/register.html" "Mozilla/5.0 (Windows NT 6.1; WOW64) AppleWebKit/537.36 (KHTML, like Gecko) Chrome/49.0.2623.87 Safari/537.36"
[2016-08-04 16:32:42.822] [INFO] dateFileLog - ::1 - - "GET /dist/js/require.js HTTP/1.1" 404 31 "http://localhost:8089/dist/view/account/register.html" "Mozilla/5.0 (Windows NT 6.1; WOW64) AppleWebKit/537.36 (KHTML, like Gecko) Chrome/49.0.2623.87 Safari/537.36"
[2016-08-04 16:32:42.822] [INFO] dateFileLog - ::1 - - "GET /dist/js/require.config.js HTTP/1.1" 404 38 "http://localhost:8089/dist/view/account/register.html" "Mozilla/5.0 (Windows NT 6.1; WOW64) AppleWebKit/537.36 (KHTML, like Gecko) Chrome/49.0.2623.87 Safari/537.36"
